<?xml version="1.0" encoding="UTF-8"?>
<!-- Generated by org.testng.reporters.JUnitXMLReporter -->
<testsuite hostname="PRADEEP-PC" ignored="0" name="Surefire test" tests="3" failures="1" timestamp="02 Jul 2018 16:52:00 GMT" time="26.794" errors="0">
  <testcase name="@AfterMethod postcondtionAT" time="0.001" classname="com.qa.pradeep.baseclass.BaseClassACT">
    <failure type="java.lang.NullPointerException">
      <![CDATA[java.lang.NullPointerException
at com.qa.pradeep.baseclass.BaseClassACT.postcondtionAT(BaseClassACT.java:28)
... Removed 33 stack frames]]>
    </failure>
  </testcase> <!-- @AfterMethod postcondtionAT -->
  <testcase name="@BeforeMethod precondtionAT" time="0.0" classname="com.qa.pradeep.baseclass.BaseClassACT">
    <skipped/>
  </testcase> <!-- @BeforeMethod precondtionAT -->
  <testcase name="@AfterMethod postcondtionAT" time="0.0" classname="com.qa.pradeep.baseclass.BaseClassACT">
    <skipped/>
  </testcase> <!-- @AfterMethod postcondtionAT -->
  <testcase name="@BeforeMethod precondtionAT" time="0.0" classname="com.qa.pradeep.baseclass.BaseClassACT">
    <skipped/>
  </testcase> <!-- @BeforeMethod precondtionAT -->
  <testcase name="@AfterMethod postcondtionAT" time="0.0" classname="com.qa.pradeep.baseclass.BaseClassACT">
    <skipped/>
  </testcase> <!-- @AfterMethod postcondtionAT -->
  <testcase name="invalidlogin1" time="0.075" classname="com.qa.pradeep.testcase.ValidLoginactTest">
    <failure type="java.lang.NullPointerException">
      <![CDATA[java.lang.NullPointerException
at org.openqa.selenium.support.pagefactory.DefaultElementLocator.findElement(DefaultElementLocator.java:69)
at org.openqa.selenium.support.pagefactory.internal.LocatingElementHandler.invoke(LocatingElementHandler.java:38)
at com.sun.proxy.$Proxy7.sendKeys(Unknown Source)
at com.qa.pradeep.pages.LoginPageACT.usertexbox(LoginPageACT.java:27)
at com.qa.pradeep.testcase.ValidLoginactTest.invalidlogin1(ValidLoginactTest.java:33)
... Removed 30 stack frames]]>
    </failure>
  </testcase> <!-- invalidlogin1 -->
  <testcase name="validTestlogin" time="0.0" classname="com.qa.pradeep.testcase.ValidLoginactTest">
    <skipped/>
  </testcase> <!-- validTestlogin -->
  <testcase name="versionAT" time="0.0" classname="com.qa.pradeep.testcase.ValidLoginactTest">
    <skipped/>
  </testcase> <!-- versionAT -->
</testsuite> <!-- Surefire test -->
